E:\代码备份\NEWSUBSTATIONDETECTION_06_26\DEBUG\NEWSUBSTATIONDETECTION.EXE
E:\代码备份\NEWSUBSTATIONDETECTION_06_26\DEBUG\NEWSUBSTATIONDETECTION.ILK
E:\代码备份\NEWSUBSTATIONDETECTION_06_26\DEBUG\NEWSUBSTATIONDETECTION.PDB
E:\代码备份\NEWSUBSTATIONDETECTION_06_26\NEWSUBSTATIONDETECTION\DEBUG\CHANGECOLOR.OBJ
E:\代码备份\NewSubstationDetection_06_26\NewSubstationDetection\Debug\cl.command.1.tlog
E:\代码备份\NewSubstationDetection_06_26\NewSubstationDetection\Debug\CL.read.1.tlog
E:\代码备份\NewSubstationDetection_06_26\NewSubstationDetection\Debug\CL.write.1.tlog
E:\代码备份\NEWSUBSTATIONDETECTION_06_26\NEWSUBSTATIONDETECTION\DEBUG\CVVIMAGE.OBJ
E:\代码备份\NEWSUBSTATIONDETECTION_06_26\NEWSUBSTATIONDETECTION\DEBUG\DATABASEUTILS.OBJ
E:\代码备份\NewSubstationDetection_06_26\NewSubstationDetection\Debug\link.command.1.tlog
E:\代码备份\NewSubstationDetection_06_26\NewSubstationDetection\Debug\link.read.1.tlog
E:\代码备份\NewSubstationDetection_06_26\NewSubstationDetection\Debug\link.write.1.tlog
E:\代码备份\NewSubstationDetection_06_26\NewSubstationDetection\Debug\link-cvtres.read.1.tlog
E:\代码备份\NewSubstationDetection_06_26\NewSubstationDetection\Debug\link-cvtres.write.1.tlog
E:\代码备份\NewSubstationDetection_06_26\NewSubstationDetection\Debug\mt.command.1.tlog
E:\代码备份\NewSubstationDetection_06_26\NewSubstationDetection\Debug\mt.read.1.tlog
E:\代码备份\NewSubstationDetection_06_26\NewSubstationDetection\Debug\mt.write.1.tlog
E:\代码备份\NEWSUBSTATIONDETECTION_06_26\NEWSUBSTATIONDETECTION\DEBUG\NEWSUBSTATIONDETECTION.EXE.EMBED.MANIFEST
E:\代码备份\NEWSUBSTATIONDETECTION_06_26\NEWSUBSTATIONDETECTION\DEBUG\NEWSUBSTATIONDETECTION.EXE.EMBED.MANIFEST.RES
E:\代码备份\NEWSUBSTATIONDETECTION_06_26\NEWSUBSTATIONDETECTION\DEBUG\NEWSUBSTATIONDETECTION.EXE.INTERMEDIATE.MANIFEST
E:\代码备份\NEWSUBSTATIONDETECTION_06_26\NEWSUBSTATIONDETECTION\DEBUG\NEWSUBSTATIONDETECTION.OBJ
E:\代码备份\NEWSUBSTATIONDETECTION_06_26\NEWSUBSTATIONDETECTION\DEBUG\NEWSUBSTATIONDETECTION.PCH
E:\代码备份\NEWSUBSTATIONDETECTION_06_26\NEWSUBSTATIONDETECTION\DEBUG\NEWSUBSTATIONDETECTION.RES
E:\代码备份\NewSubstationDetection_06_26\NewSubstationDetection\Debug\NewSubstationDetection_manifest.rc
E:\代码备份\NEWSUBSTATIONDETECTION_06_26\NEWSUBSTATIONDETECTION\DEBUG\NEWSUBSTATIONDETECTIONDLG.OBJ
E:\代码备份\NewSubstationDetection_06_26\NewSubstationDetection\Debug\rc.command.1.tlog
E:\代码备份\NewSubstationDetection_06_26\NewSubstationDetection\Debug\rc.read.1.tlog
E:\代码备份\NewSubstationDetection_06_26\NewSubstationDetection\Debug\rc.write.1.tlog
E:\代码备份\NEWSUBSTATIONDETECTION_06_26\NEWSUBSTATIONDETECTION\DEBUG\STDAFX.OBJ
E:\代码备份\NEWSUBSTATIONDETECTION_06_26\NEWSUBSTATIONDETECTION\DEBUG\UTILS.OBJ
E:\代码备份\NewSubstationDetection_06_26\NewSubstationDetection\Debug\vc100.idb
E:\代码备份\NEWSUBSTATIONDETECTION_06_26\NEWSUBSTATIONDETECTION\DEBUG\VC100.PDB
E:\代码备份\NEWSUBSTATIONDETECTION_06_26\NEWSUBSTATIONDETECTION\DEBUG\WINSOCKMATTRANSMISSIONCLIENT.OBJ
E:\代码备份\NEWSUBSTATIONDETECTION_06_26\NEWSUBSTATIONDETECTION\DEBUG\WINSOCKMATTRANSMISSIONCLIENT_1.OBJ
