F:\CODE\NEWSUBSTATIONDETECTION\NEWSUBSTATIONDETECTION\X64\DEBUG\CHANGECOLOR.OBJ
F:\code\NewSubstationDetection\NewSubstationDetection\x64\Debug\cl.command.1.tlog
F:\code\NewSubstationDetection\NewSubstationDetection\x64\Debug\CL.read.1.tlog
F:\code\NewSubstationDetection\NewSubstationDetection\x64\Debug\CL.write.1.tlog
F:\CODE\NEWSUBSTATIONDETECTION\NEWSUBSTATIONDETECTION\X64\DEBUG\CVVIMAGE.OBJ
F:\CODE\NEWSUBSTATIONDETECTION\NEWSUBSTATIONDETECTION\X64\DEBUG\DATABASEUTILS.OBJ
F:\code\NewSubstationDetection\NewSubstationDetection\x64\Debug\link.command.1.tlog
F:\code\NewSubstationDetection\NewSubstationDetection\x64\Debug\link.read.1.tlog
F:\code\NewSubstationDetection\NewSubstationDetection\x64\Debug\link.write.1.tlog
F:\code\NewSubstationDetection\NewSubstationDetection\x64\Debug\link-cvtres.read.1.tlog
F:\code\NewSubstationDetection\NewSubstationDetection\x64\Debug\link-cvtres.write.1.tlog
F:\code\NewSubstationDetection\NewSubstationDetection\x64\Debug\mt.command.1.tlog
F:\code\NewSubstationDetection\NewSubstationDetection\x64\Debug\mt.read.1.tlog
F:\code\NewSubstationDetection\NewSubstationDetection\x64\Debug\mt.write.1.tlog
F:\CODE\NEWSUBSTATIONDETECTION\NEWSUBSTATIONDETECTION\X64\DEBUG\NEWSUBSTATIONDETECTION.EXE.EMBED.MANIFEST
F:\CODE\NEWSUBSTATIONDETECTION\NEWSUBSTATIONDETECTION\X64\DEBUG\NEWSUBSTATIONDETECTION.EXE.EMBED.MANIFEST.RES
F:\CODE\NEWSUBSTATIONDETECTION\NEWSUBSTATIONDETECTION\X64\DEBUG\NEWSUBSTATIONDETECTION.EXE.INTERMEDIATE.MANIFEST
F:\CODE\NEWSUBSTATIONDETECTION\NEWSUBSTATIONDETECTION\X64\DEBUG\NEWSUBSTATIONDETECTION.OBJ
F:\CODE\NEWSUBSTATIONDETECTION\NEWSUBSTATIONDETECTION\X64\DEBUG\NEWSUBSTATIONDETECTION.PCH
F:\CODE\NEWSUBSTATIONDETECTION\NEWSUBSTATIONDETECTION\X64\DEBUG\NEWSUBSTATIONDETECTION.RES
F:\code\NewSubstationDetection\NewSubstationDetection\x64\Debug\NewSubstationDetection.write.1.tlog
F:\code\NewSubstationDetection\NewSubstationDetection\x64\Debug\NewSubstationDetection_manifest.rc
F:\CODE\NEWSUBSTATIONDETECTION\NEWSUBSTATIONDETECTION\X64\DEBUG\NEWSUBSTATIONDETECTIONDLG.OBJ
F:\code\NewSubstationDetection\NewSubstationDetection\x64\Debug\rc.command.1.tlog
F:\code\NewSubstationDetection\NewSubstationDetection\x64\Debug\rc.read.1.tlog
F:\code\NewSubstationDetection\NewSubstationDetection\x64\Debug\rc.write.1.tlog
F:\CODE\NEWSUBSTATIONDETECTION\NEWSUBSTATIONDETECTION\X64\DEBUG\STDAFX.OBJ
F:\CODE\NEWSUBSTATIONDETECTION\NEWSUBSTATIONDETECTION\X64\DEBUG\UTILS.OBJ
F:\code\NewSubstationDetection\NewSubstationDetection\x64\Debug\vc100.idb
F:\CODE\NEWSUBSTATIONDETECTION\NEWSUBSTATIONDETECTION\X64\DEBUG\VC100.PDB
F:\CODE\NEWSUBSTATIONDETECTION\NEWSUBSTATIONDETECTION\X64\DEBUG\WINSOCKMATTRANSMISSIONCLIENT.OBJ
F:\CODE\NEWSUBSTATIONDETECTION\NEWSUBSTATIONDETECTION\X64\DEBUG\WINSOCKMATTRANSMISSIONCLIENT_1.OBJ
F:\CODE\NEWSUBSTATIONDETECTION\X64\DEBUG\NEWSUBSTATIONDETECTION.EXE
F:\CODE\NEWSUBSTATIONDETECTION\X64\DEBUG\NEWSUBSTATIONDETECTION.ILK
F:\CODE\NEWSUBSTATIONDETECTION\X64\DEBUG\NEWSUBSTATIONDETECTION.PDB
